# JRE version: Java(TM) SE Runtime Environment (8.0_301-b09) (build 1.8.0_301-b09)
# Java VM: Java HotSpot(TM) 64-Bit Server VM (25.301-b09 mixed mode windows-amd64 compressed oops)
Heap:
 PSYoungGen      total 219136K, used 147851K [0x00000000f0000000, 0x0000000100000000, 0x0000000100000000)
  eden space 182272K, 61% used [0x00000000f0000000,0x00000000f6cc4308,0x00000000fb200000)
  from space 36864K, 98% used [0x00000000fb200000,0x00000000fd59ebb8,0x00000000fd600000)
  to   space 43008K, 0% used [0x00000000fd600000,0x00000000fd600000,0x0000000100000000)
 ParOldGen       total 524288K, used 65139K [0x00000000d0000000, 0x00000000f0000000, 0x00000000f0000000)
  object space 524288K, 12% used [0x00000000d0000000,0x00000000d3f9cd48,0x00000000f0000000)
 Metaspace       used 74577K, capacity 76762K, committed 76824K, reserved 1116160K
  class space    used 9017K, capacity 9721K, committed 9776K, reserved 1048576K
GC Heap History (10 events):
Event: 28.909 GC heap before
{Heap before GC invocations=28 (full 3):
 PSYoungGen      total 229376K, used 206753K [0x00000000f0000000, 0x0000000100000000, 0x0000000100000000)
  eden space 195072K, 100% used [0x00000000f0000000,0x00000000fbe80000,0x00000000fbe80000)
  from space 34304K, 34% used [0x00000000fde80000,0x00000000fe9e87d8,0x0000000100000000)
  to   space 32768K, 0% used [0x00000000fbe80000,0x00000000fbe80000,0x00000000fde80000)
 ParOldGen       total 524288K, used 65099K [0x00000000d0000000, 0x00000000f0000000, 0x00000000f0000000)
  object space 524288K, 12% used [0x00000000d0000000,0x00000000d3f92d48,0x00000000f0000000)
 Metaspace       used 65618K, capacity 66630K, committed 67096K, reserved 1107968K
  class space    used 7605K, capacity 7860K, committed 7984K, reserved 1048576K
Event: 28.917 GC heap after
Heap after GC invocations=28 (full 3):
 PSYoungGen      total 227840K, used 16465K [0x00000000f0000000, 0x0000000100000000, 0x0000000100000000)
  eden space 195072K, 0% used [0x00000000f0000000,0x00000000f0000000,0x00000000fbe80000)
  from space 32768K, 50% used [0x00000000fbe80000,0x00000000fce94578,0x00000000fde80000)
  to   space 31744K, 0% used [0x00000000fe100000,0x00000000fe100000,0x0000000100000000)
 ParOldGen       total 524288K, used 65107K [0x00000000d0000000, 0x00000000f0000000, 0x00000000f0000000)
  object space 524288K, 12% used [0x00000000d0000000,0x00000000d3f94d48,0x00000000f0000000)
 Metaspace       used 65618K, capacity 66630K, committed 67096K, reserved 1107968K
  class space    used 7605K, capacity 7860K, committed 7984K, reserved 1048576K
}
Event: 29.659 GC heap before
{Heap before GC invocations=29 (full 3):
 PSYoungGen      total 227840K, used 211537K [0x00000000f0000000, 0x0000000100000000, 0x0000000100000000)
  eden space 195072K, 100% used [0x00000000f0000000,0x00000000fbe80000,0x00000000fbe80000)
  from space 32768K, 50% used [0x00000000fbe80000,0x00000000fce94578,0x00000000fde80000)
  to   space 31744K, 0% used [0x00000000fe100000,0x00000000fe100000,0x0000000100000000)
 ParOldGen       total 524288K, used 65107K [0x00000000d0000000, 0x00000000f0000000, 0x00000000f0000000)
  object space 524288K, 12% used [0x00000000d0000000,0x00000000d3f94d48,0x00000000f0000000)
 Metaspace       used 66800K, capacity 67918K, committed 68248K, reserved 1110016K
  class space    used 7810K, capacity 8107K, committed 8112K, reserved 1048576K
Event: 29.669 GC heap after
Heap after GC invocations=29 (full 3):
 PSYoungGen      total 226304K, used 23982K [0x00000000f0000000, 0x0000000100000000, 0x0000000100000000)
  eden space 194560K, 0% used [0x00000000f0000000,0x00000000f0000000,0x00000000fbe00000)
  from space 31744K, 75% used [0x00000000fe100000,0x00000000ff86b930,0x0000000100000000)
  to   space 33792K, 0% used [0x00000000fbe00000,0x00000000fbe00000,0x00000000fdf00000)
 ParOldGen       total 524288K, used 65115K [0x00000000d0000000, 0x00000000f0000000, 0x00000000f0000000)
  object space 524288K, 12% used [0x00000000d0000000,0x00000000d3f96d48,0x00000000f0000000)
 Metaspace       used 66800K, capacity 67918K, committed 68248K, reserved 1110016K
  class space    used 7810K, capacity 8107K, committed 8112K, reserved 1048576K
}
Event: 30.639 GC heap before
{Heap before GC invocations=30 (full 3):
 PSYoungGen      total 226304K, used 218542K [0x00000000f0000000, 0x0000000100000000, 0x0000000100000000)
  eden space 194560K, 100% used [0x00000000f0000000,0x00000000fbe00000,0x00000000fbe00000)
  from space 31744K, 75% used [0x00000000fe100000,0x00000000ff86b930,0x0000000100000000)
  to   space 33792K, 0% used [0x00000000fbe00000,0x00000000fbe00000,0x00000000fdf00000)
 ParOldGen       total 524288K, used 65115K [0x00000000d0000000, 0x00000000f0000000, 0x00000000f0000000)
  object space 524288K, 12% used [0x00000000d0000000,0x00000000d3f96d48,0x00000000f0000000)
 Metaspace       used 70270K, capacity 71464K, committed 71576K, reserved 1112064K
  class space    used 8265K, capacity 8599K, committed 8624K, reserved 1048576K
Event: 30.655 GC heap after
Heap after GC invocations=30 (full 3):
 PSYoungGen      total 223232K, used 28172K [0x00000000f0000000, 0x0000000100000000, 0x0000000100000000)
  eden space 194560K, 0% used [0x00000000f0000000,0x00000000f0000000,0x00000000fbe00000)
  from space 28672K, 98% used [0x00000000fbe00000,0x00000000fd983310,0x00000000fda00000)
  to   space 36352K, 0% used [0x00000000fdc80000,0x00000000fdc80000,0x0000000100000000)
 ParOldGen       total 524288K, used 65123K [0x00000000d0000000, 0x00000000f0000000, 0x00000000f0000000)
  object space 524288K, 12% used [0x00000000d0000000,0x00000000d3f98d48,0x00000000f0000000)
 Metaspace       used 70270K, capacity 71464K, committed 71576K, reserved 1112064K
  class space    used 8265K, capacity 8599K, committed 8624K, reserved 1048576K
}
Event: 31.505 GC heap before
{Heap before GC invocations=31 (full 3):
 PSYoungGen      total 223232K, used 222732K [0x00000000f0000000, 0x0000000100000000, 0x0000000100000000)
  eden space 194560K, 100% used [0x00000000f0000000,0x00000000fbe00000,0x00000000fbe00000)
  from space 28672K, 98% used [0x00000000fbe00000,0x00000000fd983310,0x00000000fda00000)
  to   space 36352K, 0% used [0x00000000fdc80000,0x00000000fdc80000,0x0000000100000000)
 ParOldGen       total 524288K, used 65123K [0x00000000d0000000, 0x00000000f0000000, 0x00000000f0000000)
  object space 524288K, 12% used [0x00000000d0000000,0x00000000d3f98d48,0x00000000f0000000)
 Metaspace       used 71766K, capacity 73292K, committed 73496K, reserved 1114112K
  class space    used 8516K, capacity 8992K, committed 9008K, reserved 1048576K
Event: 31.520 GC heap after
Heap after GC invocations=31 (full 3):
 PSYoungGen      total 218624K, used 31131K [0x00000000f0000000, 0x0000000100000000, 0x0000000100000000)
  eden space 182272K, 0% used [0x00000000f0000000,0x00000000f0000000,0x00000000fb200000)
  from space 36352K, 85% used [0x00000000fdc80000,0x00000000ffae6d70,0x0000000100000000)
  to   space 39936K, 0% used [0x00000000fb200000,0x00000000fb200000,0x00000000fd900000)
 ParOldGen       total 524288K, used 65131K [0x00000000d0000000, 0x00000000f0000000, 0x00000000f0000000)
  object space 524288K, 12% used [0x00000000d0000000,0x00000000d3f9ad48,0x00000000f0000000)
 Metaspace       used 71766K, capacity 73292K, committed 73496K, reserved 1114112K
  class space    used 8516K, capacity 8992K, committed 9008K, reserved 1048576K
}
Event: 747.780 GC heap before
{Heap before GC invocations=32 (full 3):
 PSYoungGen      total 218624K, used 213403K [0x00000000f0000000, 0x0000000100000000, 0x0000000100000000)
  eden space 182272K, 100% used [0x00000000f0000000,0x00000000fb200000,0x00000000fb200000)
  from space 36352K, 85% used [0x00000000fdc80000,0x00000000ffae6d70,0x0000000100000000)
  to   space 39936K, 0% used [0x00000000fb200000,0x00000000fb200000,0x00000000fd900000)
 ParOldGen       total 524288K, used 65131K [0x00000000d0000000, 0x00000000f0000000, 0x00000000f0000000)
  object space 524288K, 12% used [0x00000000d0000000,0x00000000d3f9ad48,0x00000000f0000000)
 Metaspace       used 73448K, capacity 75512K, committed 75672K, reserved 1116160K
  class space    used 8870K, capacity 9535K, committed 9648K, reserved 1048576K
Event: 747.831 GC heap after
Heap after GC invocations=32 (full 3):
 PSYoungGen      total 219136K, used 36474K [0x00000000f0000000, 0x0000000100000000, 0x0000000100000000)
  eden space 182272K, 0% used [0x00000000f0000000,0x00000000f0000000,0x00000000fb200000)
  from space 36864K, 98% used [0x00000000fb200000,0x00000000fd59ebb8,0x00000000fd600000)
  to   space 43008K, 0% used [0x00000000fd600000,0x00000000fd600000,0x0000000100000000)
 ParOldGen       total 524288K, used 65139K [0x00000000d0000000, 0x00000000f0000000, 0x00000000f0000000)
  object space 524288K, 12% used [0x00000000d0000000,0x00000000d3f9cd48,0x00000000f0000000)
 Metaspace       used 73448K, capacity 75512K, committed 75672K, reserved 1116160K
  class space    used 8870K, capacity 9535K, committed 9648K, reserved 1048576K
}

