# JRE version: Java(TM) SE Runtime Environment (8.0_301-b09) (build 1.8.0_301-b09)
# Java VM: Java HotSpot(TM) 64-Bit Server VM (25.301-b09 mixed mode windows-amd64 compressed oops)
Heap:
 PSYoungGen      total 223744K, used 130063K [0x00000000f0000000, 0x0000000100000000, 0x0000000100000000)
  eden space 201728K, 53% used [0x00000000f0000000,0x00000000f6986760,0x00000000fc500000)
  from space 22016K, 99% used [0x00000000fc500000,0x00000000fda7d798,0x00000000fda80000)
  to   space 30720K, 0% used [0x00000000fe200000,0x00000000fe200000,0x0000000100000000)
 ParOldGen       total 524288K, used 78923K [0x00000000d0000000, 0x00000000f0000000, 0x00000000f0000000)
  object space 524288K, 15% used [0x00000000d0000000,0x00000000d4d12f80,0x00000000f0000000)
 Metaspace       used 67818K, capacity 70604K, committed 70704K, reserved 1110016K
  class space    used 8622K, capacity 9492K, committed 9520K, reserved 1048576K
GC Heap History (10 events):
Event: 55203.579 GC heap before
{Heap before GC invocations=26 (full 3):
 PSYoungGen      total 233472K, used 218200K [0x00000000f0000000, 0x0000000100000000, 0x0000000100000000)
  eden space 203264K, 99% used [0x00000000f0000000,0x00000000fc631cd0,0x00000000fc680000)
  from space 30208K, 50% used [0x00000000fe280000,0x00000000ff164368,0x0000000100000000)
  to   space 28672K, 0% used [0x00000000fc680000,0x00000000fc680000,0x00000000fe280000)
 ParOldGen       total 524288K, used 78883K [0x00000000d0000000, 0x00000000f0000000, 0x00000000f0000000)
  object space 524288K, 15% used [0x00000000d0000000,0x00000000d4d08f80,0x00000000f0000000)
 Metaspace       used 64797K, capacity 67080K, committed 67248K, reserved 1107968K
  class space    used 8292K, capacity 9090K, committed 9136K, reserved 1048576K
Event: 55203.591 GC heap after
Heap after GC invocations=26 (full 3):
 PSYoungGen      total 231936K, used 14930K [0x00000000f0000000, 0x0000000100000000, 0x0000000100000000)
  eden space 203264K, 0% used [0x00000000f0000000,0x00000000f0000000,0x00000000fc680000)
  from space 28672K, 52% used [0x00000000fc680000,0x00000000fd514888,0x00000000fe280000)
  to   space 27648K, 0% used [0x00000000fe500000,0x00000000fe500000,0x0000000100000000)
 ParOldGen       total 524288K, used 78891K [0x00000000d0000000, 0x00000000f0000000, 0x00000000f0000000)
  object space 524288K, 15% used [0x00000000d0000000,0x00000000d4d0af80,0x00000000f0000000)
 Metaspace       used 64797K, capacity 67080K, committed 67248K, reserved 1107968K
  class space    used 8292K, capacity 9090K, committed 9136K, reserved 1048576K
}
Event: 55540.933 GC heap before
{Heap before GC invocations=27 (full 3):
 PSYoungGen      total 231936K, used 218194K [0x00000000f0000000, 0x0000000100000000, 0x0000000100000000)
  eden space 203264K, 100% used [0x00000000f0000000,0x00000000fc680000,0x00000000fc680000)
  from space 28672K, 52% used [0x00000000fc680000,0x00000000fd514888,0x00000000fe280000)
  to   space 27648K, 0% used [0x00000000fe500000,0x00000000fe500000,0x0000000100000000)
 ParOldGen       total 524288K, used 78891K [0x00000000d0000000, 0x00000000f0000000, 0x00000000f0000000)
  object space 524288K, 15% used [0x00000000d0000000,0x00000000d4d0af80,0x00000000f0000000)
 Metaspace       used 65884K, capacity 68288K, committed 68400K, reserved 1107968K
  class space    used 8413K, capacity 9245K, committed 9264K, reserved 1048576K
Event: 55540.943 GC heap after
Heap after GC invocations=27 (full 3):
 PSYoungGen      total 234496K, used 19184K [0x00000000f0000000, 0x0000000100000000, 0x0000000100000000)
  eden space 206848K, 0% used [0x00000000f0000000,0x00000000f0000000,0x00000000fca00000)
  from space 27648K, 69% used [0x00000000fe500000,0x00000000ff7bc050,0x0000000100000000)
  to   space 27648K, 0% used [0x00000000fca00000,0x00000000fca00000,0x00000000fe500000)
 ParOldGen       total 524288K, used 78899K [0x00000000d0000000, 0x00000000f0000000, 0x00000000f0000000)
  object space 524288K, 15% used [0x00000000d0000000,0x00000000d4d0cf80,0x00000000f0000000)
 Metaspace       used 65884K, capacity 68288K, committed 68400K, reserved 1107968K
  class space    used 8413K, capacity 9245K, committed 9264K, reserved 1048576K
}
Event: 55639.242 GC heap before
{Heap before GC invocations=28 (full 3):
 PSYoungGen      total 234496K, used 226032K [0x00000000f0000000, 0x0000000100000000, 0x0000000100000000)
  eden space 206848K, 100% used [0x00000000f0000000,0x00000000fca00000,0x00000000fca00000)
  from space 27648K, 69% used [0x00000000fe500000,0x00000000ff7bc050,0x0000000100000000)
  to   space 27648K, 0% used [0x00000000fca00000,0x00000000fca00000,0x00000000fe500000)
 ParOldGen       total 524288K, used 78899K [0x00000000d0000000, 0x00000000f0000000, 0x00000000f0000000)
  object space 524288K, 15% used [0x00000000d0000000,0x00000000d4d0cf80,0x00000000f0000000)
 Metaspace       used 66598K, capacity 69254K, committed 69552K, reserved 1110016K
  class space    used 8487K, capacity 9346K, committed 9392K, reserved 1048576K
Event: 55639.262 GC heap after
Heap after GC invocations=28 (full 3):
 PSYoungGen      total 229376K, used 22113K [0x00000000f0000000, 0x0000000100000000, 0x0000000100000000)
  eden space 206848K, 0% used [0x00000000f0000000,0x00000000f0000000,0x00000000fca00000)
  from space 22528K, 98% used [0x00000000fca00000,0x00000000fdf984b8,0x00000000fe000000)
  to   space 29184K, 0% used [0x00000000fe380000,0x00000000fe380000,0x0000000100000000)
 ParOldGen       total 524288K, used 78907K [0x00000000d0000000, 0x00000000f0000000, 0x00000000f0000000)
  object space 524288K, 15% used [0x00000000d0000000,0x00000000d4d0ef80,0x00000000f0000000)
 Metaspace       used 66598K, capacity 69254K, committed 69552K, reserved 1110016K
  class space    used 8487K, capacity 9346K, committed 9392K, reserved 1048576K
}
Event: 55669.183 GC heap before
{Heap before GC invocations=29 (full 3):
 PSYoungGen      total 229376K, used 228961K [0x00000000f0000000, 0x0000000100000000, 0x0000000100000000)
  eden space 206848K, 100% used [0x00000000f0000000,0x00000000fca00000,0x00000000fca00000)
  from space 22528K, 98% used [0x00000000fca00000,0x00000000fdf984b8,0x00000000fe000000)
  to   space 29184K, 0% used [0x00000000fe380000,0x00000000fe380000,0x0000000100000000)
 ParOldGen       total 524288K, used 78907K [0x00000000d0000000, 0x00000000f0000000, 0x00000000f0000000)
  object space 524288K, 15% used [0x00000000d0000000,0x00000000d4d0ef80,0x00000000f0000000)
 Metaspace       used 66881K, capacity 69624K, committed 69808K, reserved 1110016K
  class space    used 8503K, capacity 9365K, committed 9392K, reserved 1048576K
Event: 55669.194 GC heap after
Heap after GC invocations=29 (full 3):
 PSYoungGen      total 230912K, used 22044K [0x00000000f0000000, 0x0000000100000000, 0x0000000100000000)
  eden space 201728K, 0% used [0x00000000f0000000,0x00000000f0000000,0x00000000fc500000)
  from space 29184K, 75% used [0x00000000fe380000,0x00000000ff907270,0x0000000100000000)
  to   space 30208K, 0% used [0x00000000fc500000,0x00000000fc500000,0x00000000fe280000)
 ParOldGen       total 524288K, used 78915K [0x00000000d0000000, 0x00000000f0000000, 0x00000000f0000000)
  object space 524288K, 15% used [0x00000000d0000000,0x00000000d4d10f80,0x00000000f0000000)
 Metaspace       used 66881K, capacity 69624K, committed 69808K, reserved 1110016K
  class space    used 8503K, capacity 9365K, committed 9392K, reserved 1048576K
}
Event: 55860.253 GC heap before
{Heap before GC invocations=30 (full 3):
 PSYoungGen      total 230912K, used 223772K [0x00000000f0000000, 0x0000000100000000, 0x0000000100000000)
  eden space 201728K, 100% used [0x00000000f0000000,0x00000000fc500000,0x00000000fc500000)
  from space 29184K, 75% used [0x00000000fe380000,0x00000000ff907270,0x0000000100000000)
  to   space 30208K, 0% used [0x00000000fc500000,0x00000000fc500000,0x00000000fe280000)
 ParOldGen       total 524288K, used 78915K [0x00000000d0000000, 0x00000000f0000000, 0x00000000f0000000)
  object space 524288K, 15% used [0x00000000d0000000,0x00000000d4d10f80,0x00000000f0000000)
 Metaspace       used 67126K, capacity 69830K, committed 70064K, reserved 1110016K
  class space    used 8515K, capacity 9378K, committed 9392K, reserved 1048576K
Event: 55860.265 GC heap after
Heap after GC invocations=30 (full 3):
 PSYoungGen      total 223744K, used 22005K [0x00000000f0000000, 0x0000000100000000, 0x0000000100000000)
  eden space 201728K, 0% used [0x00000000f0000000,0x00000000f0000000,0x00000000fc500000)
  from space 22016K, 99% used [0x00000000fc500000,0x00000000fda7d798,0x00000000fda80000)
  to   space 30720K, 0% used [0x00000000fe200000,0x00000000fe200000,0x0000000100000000)
 ParOldGen       total 524288K, used 78923K [0x00000000d0000000, 0x00000000f0000000, 0x00000000f0000000)
  object space 524288K, 15% used [0x00000000d0000000,0x00000000d4d12f80,0x00000000f0000000)
 Metaspace       used 67126K, capacity 69830K, committed 70064K, reserved 1110016K
  class space    used 8515K, capacity 9378K, committed 9392K, reserved 1048576K
}

